android/StockAnalyzer/app/build/intermediates/manifest_merge_blame_file/debug/processDebugMainManifest/manifest-merger-blame-debug-report.txt
1<?xml version="1.0" encoding="utf-8"?>
2<manifest xmlns:android="http://schemas.android.com/apk/res/android"
3    package="com.stockanalyzer"
4    android:versionCode="1"
5    android:versionName="1.0" >
6
7    <uses-sdk
8        android:minSdkVersion="26"
9        android:targetSdkVersion="35" />
10
11    <uses-permission android:name="android.permission.INTERNET" />
11-->src\main\AndroidManifest.xml:3:5-67
11-->src\main\AndroidManifest.xml:3:22-64
12
13    <permission
13-->[androidx.core:core:1.13.0] AndroidManifest.xml:22:5-24:47
14        android:name="com.stockanalyzer.DYNAMIC_RECEIVER_NOT_EXPORTED_PERMISSION"
14-->[androidx.core:core:1.13.0] AndroidManifest.xml:23:9-81
15        android:protectionLevel="signature" />
15-->[androidx.core:core:1.13.0] AndroidManifest.xml:24:9-44
16
17    <uses-permission android:name="com.stockanalyzer.DYNAMIC_RECEIVER_NOT_EXPORTED_PERMISSION" />
17-->[androidx.core:core:1.13.0] AndroidManifest.xml:26:5-97
17-->[androidx.core:core:1.13.0] AndroidManifest.xml:26:22-94
18
19    <application
19-->src\main\AndroidManifest.xml:4:5-19:19
20        android:name="com.stockanalyzer.StockAnalyzerApp"
20-->src\main\AndroidManifest.xml:5:9-41
21        android:allowBackup="true"
21-->src\main\AndroidManifest.xml:6:9-35
22        android:appComponentFactory="androidx.core.app.CoreComponentFactory"
22-->[androidx.core:core:1.13.0] AndroidManifest.xml:28:18-86
23        android:debuggable="true"
24        android:extractNativeLibs="false"
25        android:label="@string/app_name"
25-->src\main\AndroidManifest.xml:7:9-41
26        android:testOnly="true"
27        android:theme="@style/Theme.StockAnalyzer"
27-->src\main\AndroidManifest.xml:8:9-51
28        android:usesCleartextTraffic="true" >
28-->src\main\AndroidManifest.xml:9:9-44
29        <activity
29-->src\main\AndroidManifest.xml:10:9-17:20
30            android:name="com.stockanalyzer.MainActivity"
30-->src\main\AndroidManifest.xml:11:13-41
31            android:exported="true" >
31-->src\main\AndroidManifest.xml:12:13-36
32            <intent-filter>
32-->src\main\AndroidManifest.xml:13:13-16:29
33                <action android:name="android.intent.action.MAIN" />
33-->src\main\AndroidManifest.xml:14:17-68
33-->src\main\AndroidManifest.xml:14:25-66
34
35                <category android:name="android.intent.category.LAUNCHER" />
35-->src\main\AndroidManifest.xml:15:17-76
35-->src\main\AndroidManifest.xml:15:27-74
36            </intent-filter>
37        </activity>
38        <activity android:name="com.stockanalyzer.ui.detail.StockDetailActivity" />
38-->src\main\AndroidManifest.xml:18:9-66
38-->src\main\AndroidManifest.xml:18:19-64
39
40        <service
40-->[androidx.room:room-runtime:2.6.1] AndroidManifest.xml:24:9-28:63
41            android:name="androidx.room.MultiInstanceInvalidationService"
41-->[androidx.room:room-runtime:2.6.1] AndroidManifest.xml:25:13-74
42            android:directBootAware="true"
42-->[androidx.room:room-runtime:2.6.1] AndroidManifest.xml:26:13-43
43            android:exported="false" />
43-->[androidx.room:room-runtime:2.6.1] AndroidManifest.xml:27:13-37
44
45        <provider
45-->[androidx.emoji2:emoji2:1.2.0] AndroidManifest.xml:24:9-32:20
46            android:name="androidx.startup.InitializationProvider"
46-->[androidx.emoji2:emoji2:1.2.0] AndroidManifest.xml:25:13-67
47            android:authorities="com.stockanalyzer.androidx-startup"
47-->[androidx.emoji2:emoji2:1.2.0] AndroidManifest.xml:26:13-68
48            android:exported="false" >
48-->[androidx.emoji2:emoji2:1.2.0] AndroidManifest.xml:27:13-37
49            <meta-data
49-->[androidx.emoji2:emoji2:1.2.0] AndroidManifest.xml:29:13-31:52
50                android:name="androidx.emoji2.text.EmojiCompatInitializer"
50-->[androidx.emoji2:emoji2:1.2.0] AndroidManifest.xml:30:17-75
51                android:value="androidx.startup" />
51-->[androidx.emoji2:emoji2:1.2.0] AndroidManifest.xml:31:17-49
52            <meta-data
52-->[androidx.lifecycle:lifecycle-process:2.8.0] AndroidManifest.xml:29:13-31:52
53                android:name="androidx.lifecycle.ProcessLifecycleInitializer"
53-->[androidx.lifecycle:lifecycle-process:2.8.0] AndroidManifest.xml:30:17-78
54                android:value="androidx.startup" />
54-->[androidx.lifecycle:lifecycle-process:2.8.0] AndroidManifest.xml:31:17-49
55            <meta-data
55-->[androidx.profileinstaller:profileinstaller:1.3.1] AndroidManifest.xml:29:13-31:52
56                android:name="androidx.profileinstaller.ProfileInstallerInitializer"
56-->[androidx.profileinstaller:profileinstaller:1.3.1] AndroidManifest.xml:30:17-85
57                android:value="androidx.startup" />
57-->[androidx.profileinstaller:profileinstaller:1.3.1] AndroidManifest.xml:31:17-49
58        </provider>
59
60        <uses-library
60-->[androidx.window:window:1.0.0] AndroidManifest.xml:25:9-27:40
61            android:name="androidx.window.extensions"
61-->[androidx.window:window:1.0.0] AndroidManifest.xml:26:13-54
62            android:required="false" />
62-->[androidx.window:window:1.0.0] AndroidManifest.xml:27:13-37
63        <uses-library
63-->[androidx.window:window:1.0.0] AndroidManifest.xml:28:9-30:40
64            android:name="androidx.window.sidecar"
64-->[androidx.window:window:1.0.0] AndroidManifest.xml:29:13-51
65            android:required="false" />
65-->[androidx.window:window:1.0.0] AndroidManifest.xml:30:13-37
66
67        <receiver
67-->[androidx.profileinstaller:profileinstaller:1.3.1] AndroidManifest.xml:34:9-52:20
68            android:name="androidx.profileinstaller.ProfileInstallReceiver"
68-->[androidx.profileinstaller:profileinstaller:1.3.1] AndroidManifest.xml:35:13-76
69            android:directBootAware="false"
69-->[androidx.profileinstaller:profileinstaller:1.3.1] AndroidManifest.xml:36:13-44
70            android:enabled="true"
70-->[androidx.profileinstaller:profileinstaller:1.3.1] AndroidManifest.xml:37:13-35
71            android:exported="true"
71-->[androidx.profileinstaller:profileinstaller:1.3.1] AndroidManifest.xml:38:13-36
72            android:permission="android.permission.DUMP" >
72-->[androidx.profileinstaller:profileinstaller:1.3.1] AndroidManifest.xml:39:13-57
73            <intent-filter>
73-->[androidx.profileinstaller:profileinstaller:1.3.1] AndroidManifest.xml:40:13-42:29
74                <action android:name="androidx.profileinstaller.action.INSTALL_PROFILE" />
74-->[androidx.profileinstaller:profileinstaller:1.3.1] AndroidManifest.xml:41:17-91
74-->[androidx.profileinstaller:profileinstaller:1.3.1] AndroidManifest.xml:41:25-88
75            </intent-filter>
76            <intent-filter>
76-->[androidx.profileinstaller:profileinstaller:1.3.1] AndroidManifest.xml:43:13-45:29
77                <action android:name="androidx.profileinstaller.action.SKIP_FILE" />
77-->[androidx.profileinstaller:profileinstaller:1.3.1] AndroidManifest.xml:44:17-85
77-->[androidx.profileinstaller:profileinstaller:1.3.1] AndroidManifest.xml:44:25-82
78            </intent-filter>
79            <intent-filter>
79-->[androidx.profileinstaller:profileinstaller:1.3.1] AndroidManifest.xml:46:13-48:29
80                <action android:name="androidx.profileinstaller.action.SAVE_PROFILE" />
80-->[androidx.profileinstaller:profileinstaller:1.3.1] AndroidManifest.xml:47:17-88
80-->[androidx.profileinstaller:profileinstaller:1.3.1] AndroidManifest.xml:47:25-85
81            </intent-filter>
82            <intent-filter>
82-->[androidx.profileinstaller:profileinstaller:1.3.1] AndroidManifest.xml:49:13-51:29
83                <action android:name="androidx.profileinstaller.action.BENCHMARK_OPERATION" />
83-->[androidx.profileinstaller:profileinstaller:1.3.1] AndroidManifest.xml:50:17-95
83-->[androidx.profileinstaller:profileinstaller:1.3.1] AndroidManifest.xml:50:25-92
84            </intent-filter>
85        </receiver>
86    </application>
87
88</manifest>